<?xml version="1.0" encoding="UTF-8"?>
<testsuite xmlns:xsi="http://www.w3.org/2001/XMLSchema-instance" xsi:noNamespaceSchemaLocation="https://maven.apache.org/surefire/maven-surefire-plugin/xsd/surefire-test-report-3.0.xsd" version="3.0" name="com.example.mongoDbSpring.MongoDbSpringApplicationTests" time="14.999" tests="1" errors="0" skipped="0" failures="0">
  <properties>
[...]
</properties>
  <testcase name="contextLoads" classname="com.example.mongoDbSpring.MongoDbSpringApplicationTests" time="3.431">
    <system-out><![CDATA[16:27:13.646 [main] INFO org.springframework.test.context.support.AnnotationConfigContextLoaderUtils -- Could not detect default configuration classes for test class [com.example.mongoDbSpring.MongoDbSpringApplicationTests]: MongoDbSpringApplicationTests does not declare any static, non-private, non-final, nested classes annotated with @Configuration.
16:27:14.538 [main] INFO org.springframework.boot.test.context.SpringBootTestContextBootstrapper -- Found @SpringBootConfiguration com.example.mongoDbSpring.MongoDbSpringApplication for test class com.example.mongoDbSpring.MongoDbSpringApplicationTests

  .   ____          _            __ _ _
 /\\ / ___'_ __ _ _(_)_ __  __ _ \ \ \ \
( ( )\___ | '_ | '_| | '_ \/ _` | \ \ \ \
 \\/  ___)| |_)| | | | | || (_| |  ) ) ) )
  '  |____| .__|_| |_|_| |_\__, | / / / /
 =========|_|==============|___/=/_/_/_/
 :: Spring Boot ::                (v3.2.1)

2024-01-14T16:27:16.955-04:00  INFO 20105 --- [           main] c.e.m.MongoDbSpringApplicationTests      : Starting MongoDbSpringApplicationTests using Java 21.0.1 with PID 20105 (started by segura in /home/segura/Escritorio/Desarrollo web/back end/mongoDbSpring)
2024-01-14T16:27:16.957-04:00  INFO 20105 --- [           main] c.e.m.MongoDbSpringApplicationTests      : No active profile set, falling back to 1 default profile: "default"
2024-01-14T16:27:19.583-04:00  INFO 20105 --- [           main] .s.d.r.c.RepositoryConfigurationDelegate : Bootstrapping Spring Data MongoDB repositories in DEFAULT mode.
2024-01-14T16:27:19.721-04:00  INFO 20105 --- [           main] .s.d.r.c.RepositoryConfigurationDelegate : Finished Spring Data repository scanning in 110 ms. Found 1 MongoDB repository interface.
2024-01-14T16:27:21.134-04:00  INFO 20105 --- [           main] org.mongodb.driver.client                : MongoClient with metadata {"driver": {"name": "mongo-java-driver|sync|spring-boot", "version": "4.11.1"}, "os": {"type": "Linux", "name": "Linux", "architecture": "amd64", "version": "6.5.0-14-generic"}, "platform": "Java/Oracle Corporation/21.0.1+12-LTS-29"} created with settings MongoClientSettings{readPreference=primary, writeConcern=WriteConcern{w=majority, wTimeout=null ms, journal=null}, retryWrites=true, retryReads=true, readConcern=ReadConcern{level=null}, credential=MongoCredential{mechanism=null, userName='freeluck', source='admin', password=<hidden>, mechanismProperties=<hidden>}, transportSettings=null, streamFactoryFactory=null, commandListeners=[], codecRegistry=ProvidersCodecRegistry{codecProviders=[ValueCodecProvider{}, BsonValueCodecProvider{}, DBRefCodecProvider{}, DBObjectCodecProvider{}, DocumentCodecProvider{}, CollectionCodecProvider{}, IterableCodecProvider{}, MapCodecProvider{}, GeoJsonCodecProvider{}, GridFSFileCodecProvider{}, Jsr310CodecProvider{}, JsonObjectCodecProvider{}, BsonCodecProvider{}, EnumCodecProvider{}, com.mongodb.client.model.mql.ExpressionCodecProvider@4f8d86e4, com.mongodb.Jep395RecordCodecProvider@5f631ca0, com.mongodb.KotlinCodecProvider@1697f2b3]}, loggerSettings=LoggerSettings{maxDocumentLength=1000}, clusterSettings={hosts=[127.0.0.1:27017], srvHost=cluster0.d1m2pwg.mongodb.net, srvServiceName=mongodb, mode=MULTIPLE, requiredClusterType=REPLICA_SET, requiredReplicaSetName='atlas-njifa5-shard-0', serverSelector='null', clusterListeners='[]', serverSelectionTimeout='30000 ms', localThreshold='15 ms'}, socketSettings=SocketSettings{connectTimeoutMS=10000, readTimeoutMS=0, receiveBufferSize=0, proxySettings=ProxySettings{host=null, port=null, username=null, password=null}}, heartbeatSocketSettings=SocketSettings{connectTimeoutMS=10000, readTimeoutMS=10000, receiveBufferSize=0, proxySettings=ProxySettings{host=null, port=null, username=null, password=null}}, connectionPoolSettings=ConnectionPoolSettings{maxSize=100, minSize=0, maxWaitTimeMS=120000, maxConnectionLifeTimeMS=0, maxConnectionIdleTimeMS=0, maintenanceInitialDelayMS=0, maintenanceFrequencyMS=60000, connectionPoolListeners=[], maxConnecting=2}, serverSettings=ServerSettings{heartbeatFrequencyMS=10000, minHeartbeatFrequencyMS=500, serverListeners='[]', serverMonitorListeners='[]'}, sslSettings=SslSettings{enabled=true, invalidHostNameAllowed=false, context=null}, applicationName='null', compressorList=[], uuidRepresentation=JAVA_LEGACY, serverApi=null, autoEncryptionSettings=null, dnsClient=null, inetAddressResolver=null, contextProvider=null}
2024-01-14T16:27:21.245-04:00  INFO 20105 --- [pwg.mongodb.net] org.mongodb.driver.cluster               : Adding discovered server ac-ircjhtn-shard-00-02.d1m2pwg.mongodb.net:27017 to client view of cluster
2024-01-14T16:27:21.375-04:00  INFO 20105 --- [pwg.mongodb.net] org.mongodb.driver.cluster               : Adding discovered server ac-ircjhtn-shard-00-00.d1m2pwg.mongodb.net:27017 to client view of cluster
2024-01-14T16:27:21.380-04:00  INFO 20105 --- [pwg.mongodb.net] org.mongodb.driver.cluster               : Adding discovered server ac-ircjhtn-shard-00-01.d1m2pwg.mongodb.net:27017 to client view of cluster
2024-01-14T16:27:23.617-04:00  INFO 20105 --- [           main] c.e.m.MongoDbSpringApplicationTests      : Started MongoDbSpringApplicationTests in 7.944 seconds (process running for 13.336)
2024-01-14T16:27:24.674-04:00  INFO 20105 --- [ngodb.net:27017] org.mongodb.driver.cluster               : Monitor thread successfully connected to server with description ServerDescription{address=ac-ircjhtn-shard-00-02.d1m2pwg.mongodb.net:27017, type=REPLICA_SET_SECONDARY, state=CONNECTED, ok=true, minWireVersion=0, maxWireVersion=17, maxDocumentSize=16777216, logicalSessionTimeoutMinutes=30, roundTripTimeNanos=1424111400, setName='atlas-njifa5-shard-0', canonicalAddress=ac-ircjhtn-shard-00-02.d1m2pwg.mongodb.net:27017, hosts=[ac-ircjhtn-shard-00-00.d1m2pwg.mongodb.net:27017, ac-ircjhtn-shard-00-01.d1m2pwg.mongodb.net:27017, ac-ircjhtn-shard-00-02.d1m2pwg.mongodb.net:27017], passives=[], arbiters=[], primary='ac-ircjhtn-shard-00-01.d1m2pwg.mongodb.net:27017', tagSet=TagSet{[Tag{name='availabilityZone', value='sae1-az2'}, Tag{name='nodeType', value='ELECTABLE'}, Tag{name='provider', value='AWS'}, Tag{name='region', value='SA_EAST_1'}, Tag{name='workloadType', value='OPERATIONAL'}]}, electionId=null, setVersion=2, topologyVersion=TopologyVersion{processId=65844c7e34dc9f95a4539f15, counter=3}, lastWriteDate=Sun Jan 14 16:27:24 VET 2024, lastUpdateTimeNanos=11258370516491}
2024-01-14T16:27:24.701-04:00  INFO 20105 --- [ngodb.net:27017] org.mongodb.driver.cluster               : Monitor thread successfully connected to server with description ServerDescription{address=ac-ircjhtn-shard-00-01.d1m2pwg.mongodb.net:27017, type=REPLICA_SET_PRIMARY, state=CONNECTED, ok=true, minWireVersion=0, maxWireVersion=17, maxDocumentSize=16777216, logicalSessionTimeoutMinutes=30, roundTripTimeNanos=1424000481, setName='atlas-njifa5-shard-0', canonicalAddress=ac-ircjhtn-shard-00-01.d1m2pwg.mongodb.net:27017, hosts=[ac-ircjhtn-shard-00-00.d1m2pwg.mongodb.net:27017, ac-ircjhtn-shard-00-01.d1m2pwg.mongodb.net:27017, ac-ircjhtn-shard-00-02.d1m2pwg.mongodb.net:27017], passives=[], arbiters=[], primary='ac-ircjhtn-shard-00-01.d1m2pwg.mongodb.net:27017', tagSet=TagSet{[Tag{name='availabilityZone', value='sae1-az3'}, Tag{name='nodeType', value='ELECTABLE'}, Tag{name='provider', value='AWS'}, Tag{name='region', value='SA_EAST_1'}, Tag{name='workloadType', value='OPERATIONAL'}]}, electionId=7fffffff00000000000000c7, setVersion=2, topologyVersion=TopologyVersion{processId=658449eab32b4711de02ac94, counter=6}, lastWriteDate=Sun Jan 14 16:27:24 VET 2024, lastUpdateTimeNanos=11258370685243}
2024-01-14T16:27:24.709-04:00  INFO 20105 --- [ngodb.net:27017] org.mongodb.driver.cluster               : Discovered replica set primary ac-ircjhtn-shard-00-01.d1m2pwg.mongodb.net:27017 with max election id 7fffffff00000000000000c7 and max set version 2
2024-01-14T16:27:25.746-04:00  INFO 20105 --- [ngodb.net:27017] org.mongodb.driver.cluster               : Monitor thread successfully connected to server with description ServerDescription{address=ac-ircjhtn-shard-00-00.d1m2pwg.mongodb.net:27017, type=REPLICA_SET_SECONDARY, state=CONNECTED, ok=true, minWireVersion=0, maxWireVersion=17, maxDocumentSize=16777216, logicalSessionTimeoutMinutes=30, roundTripTimeNanos=2469924161, setName='atlas-njifa5-shard-0', canonicalAddress=ac-ircjhtn-shard-00-00.d1m2pwg.mongodb.net:27017, hosts=[ac-ircjhtn-shard-00-00.d1m2pwg.mongodb.net:27017, ac-ircjhtn-shard-00-01.d1m2pwg.mongodb.net:27017, ac-ircjhtn-shard-00-02.d1m2pwg.mongodb.net:27017], passives=[], arbiters=[], primary='ac-ircjhtn-shard-00-01.d1m2pwg.mongodb.net:27017', tagSet=TagSet{[Tag{name='availabilityZone', value='sae1-az1'}, Tag{name='nodeType', value='ELECTABLE'}, Tag{name='provider', value='AWS'}, Tag{name='region', value='SA_EAST_1'}, Tag{name='workloadType', value='OPERATIONAL'}]}, electionId=null, setVersion=2, topologyVersion=TopologyVersion{processId=65844749750110298ad0c9c0, counter=4}, lastWriteDate=Sun Jan 14 16:27:24 VET 2024, lastUpdateTimeNanos=11259445701036}
]]></system-out>
    <system-err><![CDATA[WARNING: A Java agent has been loaded dynamically (/home/segura/.m2/repository/net/bytebuddy/byte-buddy-agent/1.14.10/byte-buddy-agent-1.14.10.jar)
WARNING: If a serviceability tool is in use, please run with -XX:+EnableDynamicAgentLoading to hide this warning
WARNING: If a serviceability tool is not in use, please run with -Djdk.instrument.traceUsage for more information
WARNING: Dynamic loading of agents will be disallowed by default in a future release
]]></system-err>
  </testcase>
</testsuite>